<?xml version="1.0" encoding="UTF-8"?>
<!-- Generated by org.testng.reporters.JUnitReportReporter -->
<testsuite skipped="0" hostname="ip-172-31-34-159" name="assignment.test" tests="1" failures="0" timestamp="08 Jun 2020 20:40:27 GMT" time="0.013" errors="0">
  <testcase name="hello" time="0.013" classname="assignment.test"/>
</testsuite> <!-- assignment.test -->
